1556502011954	mozrunner::runner	INFO	Running command: "/usr/bin/firefox" "-marionette" "-foreground" "-no-remote" "-profile" "/tmp/rust_mozprofile.skfi4zmnSLw0"
1556502012607	addons.webextension.screenshots@mozilla.org	WARN	Loading extension 'screenshots@mozilla.org': Reading manifest: Invalid extension permission: mozillaAddons
1556502012608	addons.webextension.screenshots@mozilla.org	WARN	Loading extension 'screenshots@mozilla.org': Reading manifest: Invalid extension permission: resource://pdf.js/
1556502012608	addons.webextension.screenshots@mozilla.org	WARN	Loading extension 'screenshots@mozilla.org': Reading manifest: Invalid extension permission: about:reader*
1556502014735	Marionette	INFO	Listening on port 46295
1556502014804	Marionette	WARN	TLS certificate errors will be ignored for this session

(firefox:17314): GLib-GObject-WARNING **: 09:40:15.908: ../../../../gobject/gsignal.c:3492: signal name 'selection_changed' is invalid for instance '0x7fbd754fe8d0' of type 'MaiAtkType319'
1556502031014	Marionette	INFO	Stopped listening on port 46295
1556502056015	mozrunner::runner	INFO	Running command: "/usr/bin/firefox" "-marionette" "-foreground" "-no-remote" "-profile" "/tmp/rust_mozprofile.yA3L2IqGHgGr"
1556502056509	addons.webextension.screenshots@mozilla.org	WARN	Loading extension 'screenshots@mozilla.org': Reading manifest: Invalid extension permission: mozillaAddons
1556502056510	addons.webextension.screenshots@mozilla.org	WARN	Loading extension 'screenshots@mozilla.org': Reading manifest: Invalid extension permission: resource://pdf.js/
1556502056510	addons.webextension.screenshots@mozilla.org	WARN	Loading extension 'screenshots@mozilla.org': Reading manifest: Invalid extension permission: about:reader*
1556502058844	Marionette	INFO	Listening on port 39553
1556502058932	Marionette	WARN	TLS certificate errors will be ignored for this session
JavaScript error: http://localhost:5000/static/bootstrap.min.js, line 6: Error: Bootstrap's JavaScript requires jQuery
JavaScript error: http://localhost:5000/, line 41: SyntaxError: unterminated regular expression literal
JavaScript error: http://localhost:5000/static/bootstrap.min.js, line 6: Error: Bootstrap's JavaScript requires jQuery

(firefox:17660): GLib-GObject-WARNING **: 09:41:03.372: ../../../../gobject/gsignal.c:3492: signal name 'selection_changed' is invalid for instance '0x7f5b1a7ef650' of type 'MaiAtkType139'

(firefox:17660): GLib-GObject-WARNING **: 09:41:03.406: ../../../../gobject/gsignal.c:3492: signal name 'selection_changed' is invalid for instance '0x7f5b1a7efab0' of type 'MaiAtkType139'

(firefox:17660): GLib-GObject-WARNING **: 09:41:03.425: ../../../../gobject/gsignal.c:3492: signal name 'selection_changed' is invalid for instance '0x7f5b0b3f1150' of type 'MaiAtkType139'

(firefox:17660): GLib-GObject-WARNING **: 09:41:03.446: ../../../../gobject/gsignal.c:3492: signal name 'selection_changed' is invalid for instance '0x7f5b0b3f1330' of type 'MaiAtkType139'
1556502063478	Marionette	INFO	Stopped listening on port 39553

(/usr/lib/firefox/firefox:17802): dconf-WARNING **: 09:41:03.562: Unable to open /var/lib/snapd/desktop/dconf/profile/user: Permission denied
[Parent 17660, Gecko_IOThread] WARNING: pipe error (78): Connection reset by peer: file /build/firefox-6m4fHv/firefox-66.0.3+build1/ipc/chromium/src/chrome/common/ipc_channel_posix.cc, line 357
[Parent 17660, Gecko_IOThread] WARNING: pipe error (131): Connection reset by peer: file /build/firefox-6m4fHv/firefox-66.0.3+build1/ipc/chromium/src/chrome/common/ipc_channel_posix.cc, line 357
1556502497162	mozrunner::runner	INFO	Running command: "/usr/bin/firefox" "-marionette" "-foreground" "-no-remote" "-profile" "/tmp/rust_mozprofile.9jMZ6mNE2E8x"
1556502497946	addons.webextension.screenshots@mozilla.org	WARN	Loading extension 'screenshots@mozilla.org': Reading manifest: Invalid extension permission: mozillaAddons
1556502497947	addons.webextension.screenshots@mozilla.org	WARN	Loading extension 'screenshots@mozilla.org': Reading manifest: Invalid extension permission: resource://pdf.js/
1556502497947	addons.webextension.screenshots@mozilla.org	WARN	Loading extension 'screenshots@mozilla.org': Reading manifest: Invalid extension permission: about:reader*
1556502500039	Marionette	INFO	Listening on port 37307
1556502500112	Marionette	WARN	TLS certificate errors will be ignored for this session
JavaScript error: http://localhost:5000/static/bootstrap.min.js, line 6: Error: Bootstrap's JavaScript requires jQuery
JavaScript error: http://localhost:5000/, line 41: SyntaxError: unterminated regular expression literal
JavaScript error: http://localhost:5000/static/bootstrap.min.js, line 6: Error: Bootstrap's JavaScript requires jQuery

(firefox:18035): GLib-GObject-WARNING **: 09:48:22.129: ../../../../gobject/gsignal.c:3492: signal name 'selection_changed' is invalid for instance '0x7fa64d54b100' of type 'MaiAtkType139'

(firefox:18035): GLib-GObject-WARNING **: 09:48:22.163: ../../../../gobject/gsignal.c:3492: signal name 'selection_changed' is invalid for instance '0x7fa65429b1f0' of type 'MaiAtkType139'

(firefox:18035): GLib-GObject-WARNING **: 09:48:22.178: ../../../../gobject/gsignal.c:3492: signal name 'selection_changed' is invalid for instance '0x7fa65429b6a0' of type 'MaiAtkType139'

(firefox:18035): GLib-GObject-WARNING **: 09:48:22.196: ../../../../gobject/gsignal.c:3492: signal name 'selection_changed' is invalid for instance '0x7fa646356150' of type 'MaiAtkType139'
1556502502233	Marionette	INFO	Stopped listening on port 37307

(/usr/lib/firefox/firefox:18187): dconf-WARNING **: 09:48:22.277: Unable to open /var/lib/snapd/desktop/dconf/profile/user: Permission denied
[Parent 18035, Gecko_IOThread] WARNING: pipe error (70): Connection reset by peer: file /build/firefox-6m4fHv/firefox-66.0.3+build1/ipc/chromium/src/chrome/common/ipc_channel_posix.cc, line 357
1556502578537	mozrunner::runner	INFO	Running command: "/usr/bin/firefox" "-marionette" "-foreground" "-no-remote" "-profile" "/tmp/rust_mozprofile.8lKcW67JSyGW"
1556502579000	addons.webextension.screenshots@mozilla.org	WARN	Loading extension 'screenshots@mozilla.org': Reading manifest: Invalid extension permission: mozillaAddons
1556502579000	addons.webextension.screenshots@mozilla.org	WARN	Loading extension 'screenshots@mozilla.org': Reading manifest: Invalid extension permission: resource://pdf.js/
1556502579000	addons.webextension.screenshots@mozilla.org	WARN	Loading extension 'screenshots@mozilla.org': Reading manifest: Invalid extension permission: about:reader*
1556502580503	Marionette	INFO	Listening on port 43043
1556502580551	Marionette	WARN	TLS certificate errors will be ignored for this session
JavaScript error: http://localhost:5000/static/bootstrap.min.js, line 6: Error: Bootstrap's JavaScript requires jQuery
JavaScript error: http://localhost:5000/, line 41: SyntaxError: unterminated regular expression literal
JavaScript error: http://localhost:5000/static/bootstrap.min.js, line 6: Error: Bootstrap's JavaScript requires jQuery

(firefox:18327): GLib-GObject-WARNING **: 09:49:43.868: ../../../../gobject/gsignal.c:3492: signal name 'selection_changed' is invalid for instance '0x7fb264192fb0' of type 'MaiAtkType139'

(firefox:18327): GLib-GObject-WARNING **: 09:49:43.895: ../../../../gobject/gsignal.c:3492: signal name 'selection_changed' is invalid for instance '0x7fb25e336150' of type 'MaiAtkType139'

(firefox:18327): GLib-GObject-WARNING **: 09:49:43.925: ../../../../gobject/gsignal.c:3492: signal name 'selection_changed' is invalid for instance '0x7fb25e3362e0' of type 'MaiAtkType139'

(firefox:18327): GLib-GObject-WARNING **: 09:49:43.939: ../../../../gobject/gsignal.c:3492: signal name 'selection_changed' is invalid for instance '0x7fb25e3364c0' of type 'MaiAtkType139'
1556502583941	Marionette	INFO	Stopped listening on port 43043

(/usr/lib/firefox/firefox:18464): dconf-WARNING **: 09:49:44.002: Unable to open /var/lib/snapd/desktop/dconf/profile/user: Permission denied
[Parent 18327, Gecko_IOThread] WARNING: pipe error (70): Connection reset by peer: file /build/firefox-6m4fHv/firefox-66.0.3+build1/ipc/chromium/src/chrome/common/ipc_channel_posix.cc, line 357
[Parent 18327, Gecko_IOThread] WARNING: pipe error (95): Connection reset by peer: file /build/firefox-6m4fHv/firefox-66.0.3+build1/ipc/chromium/src/chrome/common/ipc_channel_posix.cc, line 357
1556502724211	mozrunner::runner	INFO	Running command: "/usr/bin/firefox" "-marionette" "-foreground" "-no-remote" "-profile" "/tmp/rust_mozprofile.LfX2dmMnJJYi"
1556502724597	addons.webextension.screenshots@mozilla.org	WARN	Loading extension 'screenshots@mozilla.org': Reading manifest: Invalid extension permission: mozillaAddons
1556502724598	addons.webextension.screenshots@mozilla.org	WARN	Loading extension 'screenshots@mozilla.org': Reading manifest: Invalid extension permission: resource://pdf.js/
1556502724598	addons.webextension.screenshots@mozilla.org	WARN	Loading extension 'screenshots@mozilla.org': Reading manifest: Invalid extension permission: about:reader*
1556502726976	Marionette	INFO	Listening on port 45703
1556502727057	Marionette	WARN	TLS certificate errors will be ignored for this session
JavaScript error: http://localhost:5000/static/bootstrap.min.js, line 6: Error: Bootstrap's JavaScript requires jQuery
JavaScript error: http://localhost:5000/, line 41: SyntaxError: unterminated regular expression literal
JavaScript error: http://localhost:5000/static/bootstrap.min.js, line 6: Error: Bootstrap's JavaScript requires jQuery

(firefox:18629): GLib-GObject-WARNING **: 09:52:09.479: ../../../../gobject/gsignal.c:3492: signal name 'selection_changed' is invalid for instance '0x7fc8d6e97a60' of type 'MaiAtkType139'

(firefox:18629): GLib-GObject-WARNING **: 09:52:09.522: ../../../../gobject/gsignal.c:3492: signal name 'selection_changed' is invalid for instance '0x7fc8ce91f0b0' of type 'MaiAtkType139'

(firefox:18629): GLib-GObject-WARNING **: 09:52:09.538: ../../../../gobject/gsignal.c:3492: signal name 'selection_changed' is invalid for instance '0x7fc8ce91f240' of type 'MaiAtkType139'

(firefox:18629): GLib-GObject-WARNING **: 09:52:09.555: ../../../../gobject/gsignal.c:3492: signal name 'selection_changed' is invalid for instance '0x7fc8ce91f420' of type 'MaiAtkType139'
JavaScript error: http://localhost:5000/static/bootstrap.min.js, line 6: Error: Bootstrap's JavaScript requires jQuery
JavaScript error: http://localhost:5000/index, line 47: SyntaxError: unterminated regular expression literal
1556502759749	Marionette	INFO	Stopped listening on port 45703
[Parent 18629, Gecko_IOThread] WARNING: pipe error (99): Connection reset by peer: file /build/firefox-6m4fHv/firefox-66.0.3+build1/ipc/chromium/src/chrome/common/ipc_channel_posix.cc, line 357
1556502884425	mozrunner::runner	INFO	Running command: "/usr/bin/firefox" "-marionette" "-foreground" "-no-remote" "-profile" "/tmp/rust_mozprofile.ktNjmuTwBOI0"
1556502885252	addons.webextension.screenshots@mozilla.org	WARN	Loading extension 'screenshots@mozilla.org': Reading manifest: Invalid extension permission: mozillaAddons
1556502885252	addons.webextension.screenshots@mozilla.org	WARN	Loading extension 'screenshots@mozilla.org': Reading manifest: Invalid extension permission: resource://pdf.js/
1556502885252	addons.webextension.screenshots@mozilla.org	WARN	Loading extension 'screenshots@mozilla.org': Reading manifest: Invalid extension permission: about:reader*
1556502887338	Marionette	INFO	Listening on port 35027
1556502887368	Marionette	WARN	TLS certificate errors will be ignored for this session
JavaScript error: http://localhost:5000/static/bootstrap.min.js, line 6: Error: Bootstrap's JavaScript requires jQuery
JavaScript error: http://localhost:5000/, line 41: SyntaxError: unterminated regular expression literal
1556502892884	Marionette	INFO	Stopped listening on port 35027
[Parent 18947, Gecko_IOThread] WARNING: pipe error (70): Connection reset by peer: file /build/firefox-6m4fHv/firefox-66.0.3+build1/ipc/chromium/src/chrome/common/ipc_channel_posix.cc, line 357
[Parent 18947, Gecko_IOThread] WARNING: pipe error (71): Connection reset by peer: file /build/firefox-6m4fHv/firefox-66.0.3+build1/ipc/chromium/src/chrome/common/ipc_channel_posix.cc, line 357
1556502917739	mozrunner::runner	INFO	Running command: "/usr/bin/firefox" "-marionette" "-foreground" "-no-remote" "-profile" "/tmp/rust_mozprofile.PcoJwY5Ttn16"
1556502918174	addons.webextension.screenshots@mozilla.org	WARN	Loading extension 'screenshots@mozilla.org': Reading manifest: Invalid extension permission: mozillaAddons
1556502918175	addons.webextension.screenshots@mozilla.org	WARN	Loading extension 'screenshots@mozilla.org': Reading manifest: Invalid extension permission: resource://pdf.js/
1556502918175	addons.webextension.screenshots@mozilla.org	WARN	Loading extension 'screenshots@mozilla.org': Reading manifest: Invalid extension permission: about:reader*
1556502919832	Marionette	INFO	Listening on port 36639
1556502919859	Marionette	WARN	TLS certificate errors will be ignored for this session
JavaScript error: http://localhost:5000/static/bootstrap.min.js, line 6: Error: Bootstrap's JavaScript requires jQuery
JavaScript error: http://localhost:5000/, line 41: SyntaxError: unterminated regular expression literal
JavaScript error: http://localhost:5000/static/bootstrap.min.js, line 6: Error: Bootstrap's JavaScript requires jQuery

(firefox:19229): GLib-GObject-WARNING **: 09:55:21.965: ../../../../gobject/gsignal.c:3492: signal name 'selection_changed' is invalid for instance '0x7f4b9bdcd150' of type 'MaiAtkType139'

(firefox:19229): GLib-GObject-WARNING **: 09:55:21.991: ../../../../gobject/gsignal.c:3492: signal name 'selection_changed' is invalid for instance '0x7f4b9bdcd330' of type 'MaiAtkType139'

(firefox:19229): GLib-GObject-WARNING **: 09:55:22.013: ../../../../gobject/gsignal.c:3492: signal name 'selection_changed' is invalid for instance '0x7f4b9bdcd4c0' of type 'MaiAtkType139'

(firefox:19229): GLib-GObject-WARNING **: 09:55:22.040: ../../../../gobject/gsignal.c:3492: signal name 'selection_changed' is invalid for instance '0x7f4b9bdcd6a0' of type 'MaiAtkType139'
JavaScript error: http://localhost:5000/static/bootstrap.min.js, line 6: Error: Bootstrap's JavaScript requires jQuery
JavaScript error: http://localhost:5000/index, line 47: SyntaxError: unterminated regular expression literal
1556502952187	Marionette	INFO	Stopped listening on port 36639
[Parent 19229, Gecko_IOThread] WARNING: pipe error (70): Connection reset by peer: file /build/firefox-6m4fHv/firefox-66.0.3+build1/ipc/chromium/src/chrome/common/ipc_channel_posix.cc, line 357
[Parent 19229, Gecko_IOThread] WARNING: pipe error (78): Connection reset by peer: file /build/firefox-6m4fHv/firefox-66.0.3+build1/ipc/chromium/src/chrome/common/ipc_channel_posix.cc, line 357
1556503043126	mozrunner::runner	INFO	Running command: "/usr/bin/firefox" "-marionette" "-foreground" "-no-remote" "-profile" "/tmp/rust_mozprofile.CoDEpF7QKmGc"
1556503043512	addons.webextension.screenshots@mozilla.org	WARN	Loading extension 'screenshots@mozilla.org': Reading manifest: Invalid extension permission: mozillaAddons
1556503043512	addons.webextension.screenshots@mozilla.org	WARN	Loading extension 'screenshots@mozilla.org': Reading manifest: Invalid extension permission: resource://pdf.js/
1556503043512	addons.webextension.screenshots@mozilla.org	WARN	Loading extension 'screenshots@mozilla.org': Reading manifest: Invalid extension permission: about:reader*
1556503045088	Marionette	INFO	Listening on port 35575
1556503045135	Marionette	WARN	TLS certificate errors will be ignored for this session
JavaScript error: http://localhost:5000/static/bootstrap.min.js, line 6: Error: Bootstrap's JavaScript requires jQuery
JavaScript error: http://localhost:5000/, line 41: SyntaxError: unterminated regular expression literal
JavaScript error: http://localhost:5000/static/bootstrap.min.js, line 6: Error: Bootstrap's JavaScript requires jQuery

(firefox:19508): GLib-GObject-WARNING **: 09:57:26.981: ../../../../gobject/gsignal.c:3492: signal name 'selection_changed' is invalid for instance '0x7ffac1ef44c0' of type 'MaiAtkType139'

(firefox:19508): GLib-GObject-WARNING **: 09:57:27.017: ../../../../gobject/gsignal.c:3492: signal name 'selection_changed' is invalid for instance '0x7ffac62b0560' of type 'MaiAtkType139'

(firefox:19508): GLib-GObject-WARNING **: 09:57:27.045: ../../../../gobject/gsignal.c:3492: signal name 'selection_changed' is invalid for instance '0x7fface3f7dd0' of type 'MaiAtkType139'

(firefox:19508): GLib-GObject-WARNING **: 09:57:27.062: ../../../../gobject/gsignal.c:3492: signal name 'selection_changed' is invalid for instance '0x7ffabed6f0b0' of type 'MaiAtkType139'
JavaScript error: http://localhost:5000/static/bootstrap.min.js, line 6: Error: Bootstrap's JavaScript requires jQuery
JavaScript error: http://localhost:5000/index, line 47: SyntaxError: unterminated regular expression literal
1556503077281	Marionette	INFO	Stopped listening on port 35575
[Parent 19508, Gecko_IOThread] WARNING: pipe error (70): Connection reset by peer: file /build/firefox-6m4fHv/firefox-66.0.3+build1/ipc/chromium/src/chrome/common/ipc_channel_posix.cc, line 357
[Parent 19508, Gecko_IOThread] WARNING: pipe error (78): Connection reset by peer: file /build/firefox-6m4fHv/firefox-66.0.3+build1/ipc/chromium/src/chrome/common/ipc_channel_posix.cc, line 357
1556503109228	mozrunner::runner	INFO	Running command: "/usr/bin/firefox" "-marionette" "-foreground" "-no-remote" "-profile" "/tmp/rust_mozprofile.QdRRfNikQcD3"
1556503109849	addons.webextension.screenshots@mozilla.org	WARN	Loading extension 'screenshots@mozilla.org': Reading manifest: Invalid extension permission: mozillaAddons
1556503109850	addons.webextension.screenshots@mozilla.org	WARN	Loading extension 'screenshots@mozilla.org': Reading manifest: Invalid extension permission: resource://pdf.js/
1556503109850	addons.webextension.screenshots@mozilla.org	WARN	Loading extension 'screenshots@mozilla.org': Reading manifest: Invalid extension permission: about:reader*
1556503111901	Marionette	INFO	Listening on port 42571
1556503111949	Marionette	WARN	TLS certificate errors will be ignored for this session
JavaScript error: http://localhost:5000/static/bootstrap.min.js, line 6: Error: Bootstrap's JavaScript requires jQuery
JavaScript error: http://localhost:5000/, line 41: SyntaxError: unterminated regular expression literal
JavaScript error: http://localhost:5000/static/bootstrap.min.js, line 6: Error: Bootstrap's JavaScript requires jQuery

(firefox:19815): GLib-GObject-WARNING **: 09:58:45.142: ../../../../gobject/gsignal.c:3492: signal name 'selection_changed' is invalid for instance '0x7f5dd838c6f0' of type 'MaiAtkType139'

(firefox:19815): GLib-GObject-WARNING **: 09:58:45.176: ../../../../gobject/gsignal.c:3492: signal name 'selection_changed' is invalid for instance '0x7f5dd838ce70' of type 'MaiAtkType139'

(firefox:19815): GLib-GObject-WARNING **: 09:58:45.197: ../../../../gobject/gsignal.c:3492: signal name 'selection_changed' is invalid for instance '0x7f5dd83af790' of type 'MaiAtkType139'

(firefox:19815): GLib-GObject-WARNING **: 09:58:45.214: ../../../../gobject/gsignal.c:3492: signal name 'selection_changed' is invalid for instance '0x7f5dd83afa10' of type 'MaiAtkType139'
JavaScript error: http://localhost:5000/static/bootstrap.min.js, line 6: Error: Bootstrap's JavaScript requires jQuery
JavaScript error: http://localhost:5000/index, line 47: SyntaxError: unterminated regular expression literal
JavaScript error: http://localhost:5000/static/bootstrap.min.js, line 6: Error: Bootstrap's JavaScript requires jQuery

(firefox:19815): GLib-GObject-WARNING **: 09:59:12.651: ../../../../gobject/gsignal.c:3492: signal name 'selection_changed' is invalid for instance '0x7f5dd8b63100' of type 'MaiAtkType139'

(firefox:19815): GLib-GObject-WARNING **: 09:59:14.423: ../../../../gobject/gsignal.c:3492: signal name 'selection_changed' is invalid for instance '0x7f5dd8b632e0' of type 'MaiAtkType139'

(/usr/lib/firefox/firefox:19963): dconf-WARNING **: 09:59:14.471: Unable to open /var/lib/snapd/desktop/dconf/profile/user: Permission denied
1556503155367	Marionette	INFO	Stopped listening on port 42571
[Parent 19815, Gecko_IOThread] WARNING: pipe error (109): Connection reset by peer: file /build/firefox-6m4fHv/firefox-66.0.3+build1/ipc/chromium/src/chrome/common/ipc_channel_posix.cc, line 357
1556503163035	mozrunner::runner	INFO	Running command: "/usr/bin/firefox" "-marionette" "-foreground" "-no-remote" "-profile" "/tmp/rust_mozprofile.ernBDOpl8FXM"
1556503163492	addons.webextension.screenshots@mozilla.org	WARN	Loading extension 'screenshots@mozilla.org': Reading manifest: Invalid extension permission: mozillaAddons
1556503163493	addons.webextension.screenshots@mozilla.org	WARN	Loading extension 'screenshots@mozilla.org': Reading manifest: Invalid extension permission: resource://pdf.js/
1556503163493	addons.webextension.screenshots@mozilla.org	WARN	Loading extension 'screenshots@mozilla.org': Reading manifest: Invalid extension permission: about:reader*
1556503165125	Marionette	INFO	Listening on port 43165
1556503165167	Marionette	WARN	TLS certificate errors will be ignored for this session
JavaScript error: http://localhost:5000/static/bootstrap.min.js, line 6: Error: Bootstrap's JavaScript requires jQuery
JavaScript error: http://localhost:5000/, line 41: SyntaxError: unterminated regular expression literal
JavaScript error: http://localhost:5000/static/bootstrap.min.js, line 6: Error: Bootstrap's JavaScript requires jQuery

(firefox:20111): GLib-GObject-WARNING **: 09:59:27.218: ../../../../gobject/gsignal.c:3492: signal name 'selection_changed' is invalid for instance '0x7f268ff32a10' of type 'MaiAtkType139'

(firefox:20111): GLib-GObject-WARNING **: 09:59:27.249: ../../../../gobject/gsignal.c:3492: signal name 'selection_changed' is invalid for instance '0x7f26902c0970' of type 'MaiAtkType139'

(firefox:20111): GLib-GObject-WARNING **: 09:59:27.270: ../../../../gobject/gsignal.c:3492: signal name 'selection_changed' is invalid for instance '0x7f26902cd0b0' of type 'MaiAtkType139'

(firefox:20111): GLib-GObject-WARNING **: 09:59:27.287: ../../../../gobject/gsignal.c:3492: signal name 'selection_changed' is invalid for instance '0x7f26902cd560' of type 'MaiAtkType139'
JavaScript error: http://localhost:5000/static/bootstrap.min.js, line 6: Error: Bootstrap's JavaScript requires jQuery
JavaScript error: http://localhost:5000/index, line 47: SyntaxError: unterminated regular expression literal
JavaScript error: http://localhost:5000/static/bootstrap.min.js, line 6: Error: Bootstrap's JavaScript requires jQuery

(firefox:20111): GLib-GObject-WARNING **: 09:59:32.377: ../../../../gobject/gsignal.c:3492: signal name 'selection_changed' is invalid for instance '0x7f269eca2d30' of type 'MaiAtkType139'

(firefox:20111): GLib-GObject-WARNING **: 09:59:33.882: ../../../../gobject/gsignal.c:3492: signal name 'selection_changed' is invalid for instance '0x7f2693e521a0' of type 'MaiAtkType139'

(/usr/lib/firefox/firefox:20254): dconf-WARNING **: 09:59:33.938: Unable to open /var/lib/snapd/desktop/dconf/profile/user: Permission denied

(firefox:20111): GLib-GObject-WARNING **: 09:59:35.358: ../../../../gobject/gsignal.c:3492: signal name 'selection_changed' is invalid for instance '0x7f2693e52380' of type 'MaiAtkType139'
JavaScript error: http://localhost:5000/static/bootstrap.min.js, line 6: Error: Bootstrap's JavaScript requires jQuery
JavaScript error: http://localhost:5000/index, line 47: SyntaxError: unterminated regular expression literal
1556503197420	Marionette	INFO	Stopped listening on port 43165
[Parent 20111, Gecko_IOThread] WARNING: pipe error (70): Connection reset by peer: file /build/firefox-6m4fHv/firefox-66.0.3+build1/ipc/chromium/src/chrome/common/ipc_channel_posix.cc, line 357
[Parent 20111, Gecko_IOThread] WARNING: pipe error (101): Connection reset by peer: file /build/firefox-6m4fHv/firefox-66.0.3+build1/ipc/chromium/src/chrome/common/ipc_channel_posix.cc, line 357
1556503428138	mozrunner::runner	INFO	Running command: "/usr/bin/firefox" "-marionette" "-foreground" "-no-remote" "-profile" "/tmp/rust_mozprofile.DU8wU1sVV1py"
1556503428624	addons.webextension.screenshots@mozilla.org	WARN	Loading extension 'screenshots@mozilla.org': Reading manifest: Invalid extension permission: mozillaAddons
1556503428624	addons.webextension.screenshots@mozilla.org	WARN	Loading extension 'screenshots@mozilla.org': Reading manifest: Invalid extension permission: resource://pdf.js/
1556503428624	addons.webextension.screenshots@mozilla.org	WARN	Loading extension 'screenshots@mozilla.org': Reading manifest: Invalid extension permission: about:reader*
1556503430397	Marionette	INFO	Listening on port 40751
1556503430451	Marionette	WARN	TLS certificate errors will be ignored for this session
JavaScript error: http://localhost:5000/static/bootstrap.min.js, line 6: Error: Bootstrap's JavaScript requires jQuery
JavaScript error: http://localhost:5000/, line 41: SyntaxError: unterminated regular expression literal
JavaScript error: http://localhost:5000/static/bootstrap.min.js, line 6: Error: Bootstrap's JavaScript requires jQuery

(firefox:20440): GLib-GObject-WARNING **: 10:03:52.557: ../../../../gobject/gsignal.c:3492: signal name 'selection_changed' is invalid for instance '0x7f73f0827880' of type 'MaiAtkType139'

(firefox:20440): GLib-GObject-WARNING **: 10:03:52.590: ../../../../gobject/gsignal.c:3492: signal name 'selection_changed' is invalid for instance '0x7f73f0827a60' of type 'MaiAtkType139'

(firefox:20440): GLib-GObject-WARNING **: 10:03:52.630: ../../../../gobject/gsignal.c:3492: signal name 'selection_changed' is invalid for instance '0x7f73f0827dd0' of type 'MaiAtkType139'
JavaScript error: http://localhost:5000/static/bootstrap.min.js, line 6: Error: Bootstrap's JavaScript requires jQuery
JavaScript error: http://localhost:5000/index, line 47: SyntaxError: unterminated regular expression literal
JavaScript error: http://localhost:5000/static/bootstrap.min.js, line 6: Error: Bootstrap's JavaScript requires jQuery

(firefox:20440): GLib-GObject-WARNING **: 10:03:59.795: ../../../../gobject/gsignal.c:3492: signal name 'selection_changed' is invalid for instance '0x7f73e50f1240' of type 'MaiAtkType139'

(firefox:20440): GLib-GObject-WARNING **: 10:04:01.295: ../../../../gobject/gsignal.c:3492: signal name 'selection_changed' is invalid for instance '0x7f73e50f13d0' of type 'MaiAtkType139'

(/usr/lib/firefox/firefox:20594): dconf-WARNING **: 10:04:01.353: Unable to open /var/lib/snapd/desktop/dconf/profile/user: Permission denied

(firefox:20440): GLib-GObject-WARNING **: 10:04:05.173: ../../../../gobject/gsignal.c:3492: signal name 'selection_changed' is invalid for instance '0x7f73e50f15b0' of type 'MaiAtkType139'
JavaScript error: http://localhost:5000/static/bootstrap.min.js, line 6: Error: Bootstrap's JavaScript requires jQuery
JavaScript error: http://localhost:5000/index, line 47: SyntaxError: unterminated regular expression literal
1556503462798	Marionette	INFO	Stopped listening on port 40751
[Parent 20440, Gecko_IOThread] WARNING: pipe error (70): Connection reset by peer: file /build/firefox-6m4fHv/firefox-66.0.3+build1/ipc/chromium/src/chrome/common/ipc_channel_posix.cc, line 357
[Parent 20440, Gecko_IOThread] WARNING: pipe error (104): Connection reset by peer: file /build/firefox-6m4fHv/firefox-66.0.3+build1/ipc/chromium/src/chrome/common/ipc_channel_posix.cc, line 357
1556503675305	mozrunner::runner	INFO	Running command: "/usr/bin/firefox" "-marionette" "-foreground" "-no-remote" "-profile" "/tmp/rust_mozprofile.nVgDFLcMyYFl"
1556503676072	addons.webextension.screenshots@mozilla.org	WARN	Loading extension 'screenshots@mozilla.org': Reading manifest: Invalid extension permission: mozillaAddons
1556503676073	addons.webextension.screenshots@mozilla.org	WARN	Loading extension 'screenshots@mozilla.org': Reading manifest: Invalid extension permission: resource://pdf.js/
1556503676073	addons.webextension.screenshots@mozilla.org	WARN	Loading extension 'screenshots@mozilla.org': Reading manifest: Invalid extension permission: about:reader*
1556503678280	Marionette	INFO	Listening on port 40161
1556503678319	Marionette	WARN	TLS certificate errors will be ignored for this session

(firefox:20837): GLib-GObject-WARNING **: 10:07:58.954: ../../../../gobject/gsignal.c:3492: signal name 'selection_changed' is invalid for instance '0x7f7a78dc7ec0' of type 'MaiAtkType319'
[Parent 20837, Gecko_IOThread] WARNING: pipe error (70): Connection reset by peer: file /build/firefox-6m4fHv/firefox-66.0.3+build1/ipc/chromium/src/chrome/common/ipc_channel_posix.cc, line 357
[Parent 20837, Gecko_IOThread] WARNING: pipe error (108): Connection reset by peer: file /build/firefox-6m4fHv/firefox-66.0.3+build1/ipc/chromium/src/chrome/common/ipc_channel_posix.cc, line 357
1556503686600	Marionette	INFO	Stopped listening on port 40161
1556503976391	mozrunner::runner	INFO	Running command: "/usr/bin/firefox" "-marionette" "-foreground" "-no-remote" "-profile" "/tmp/rust_mozprofile.gV7aoo98aLVw"
1556503977384	addons.webextension.screenshots@mozilla.org	WARN	Loading extension 'screenshots@mozilla.org': Reading manifest: Invalid extension permission: mozillaAddons
1556503977385	addons.webextension.screenshots@mozilla.org	WARN	Loading extension 'screenshots@mozilla.org': Reading manifest: Invalid extension permission: resource://pdf.js/
1556503977385	addons.webextension.screenshots@mozilla.org	WARN	Loading extension 'screenshots@mozilla.org': Reading manifest: Invalid extension permission: about:reader*
1556503979393	Marionette	INFO	Listening on port 43793
1556503979447	Marionette	WARN	TLS certificate errors will be ignored for this session

(firefox:21288): GLib-GObject-WARNING **: 10:13:00.081: ../../../../gobject/gsignal.c:3492: signal name 'selection_changed' is invalid for instance '0x7fbce181db50' of type 'MaiAtkType319'

(firefox:21288): GLib-GObject-WARNING **: 10:13:06.432: ../../../../gobject/gsignal.c:3492: signal name 'selection_changed' is invalid for instance '0x7fbcd245a7e0' of type 'MaiAtkType319'

(firefox:21288): GLib-GObject-WARNING **: 10:13:10.164: ../../../../gobject/gsignal.c:3492: signal name 'selection_changed' is invalid for instance '0x7fbcd26982e0' of type 'MaiAtkType319'

(firefox:21288): GLib-GObject-WARNING **: 10:13:11.015: ../../../../gobject/gsignal.c:3492: signal name 'selection_changed' is invalid for instance '0x7fbcd245a420' of type 'MaiAtkType319'

(firefox:21288): GLib-GObject-WARNING **: 10:13:11.335: ../../../../gobject/gsignal.c:3492: signal name 'selection_changed' is invalid for instance '0x7fbcd26980b0' of type 'MaiAtkType319'

(firefox:21288): GLib-GObject-WARNING **: 10:13:11.598: ../../../../gobject/gsignal.c:3492: signal name 'selection_changed' is invalid for instance '0x7fbcd2640a60' of type 'MaiAtkType319'

(firefox:21288): GLib-GObject-WARNING **: 10:13:11.783: ../../../../gobject/gsignal.c:3492: signal name 'selection_changed' is invalid for instance '0x7fbcd2698a10' of type 'MaiAtkType319'

(firefox:21288): GLib-GObject-WARNING **: 10:13:12.050: ../../../../gobject/gsignal.c:3492: signal name 'selection_changed' is invalid for instance '0x7fbcd2b093d0' of type 'MaiAtkType319'

(firefox:21288): GLib-GObject-WARNING **: 10:13:12.689: ../../../../gobject/gsignal.c:3492: signal name 'selection_changed' is invalid for instance '0x7fbcd2b59ba0' of type 'MaiAtkType319'

(firefox:21288): GLib-GObject-WARNING **: 10:13:12.886: ../../../../gobject/gsignal.c:3492: signal name 'selection_changed' is invalid for instance '0x7fbcd245a8d0' of type 'MaiAtkType319'

(firefox:21288): GLib-GObject-WARNING **: 10:13:13.037: ../../../../gobject/gsignal.c:3492: signal name 'selection_changed' is invalid for instance '0x7fbcd245ab00' of type 'MaiAtkType319'

(firefox:21288): GLib-GObject-WARNING **: 10:13:13.478: ../../../../gobject/gsignal.c:3492: signal name 'selection_changed' is invalid for instance '0x7fbcd2b8c470' of type 'MaiAtkType319'

(firefox:21288): GLib-GObject-WARNING **: 10:13:14.100: ../../../../gobject/gsignal.c:3492: signal name 'selection_changed' is invalid for instance '0x7fbcd26985b0' of type 'MaiAtkType319'

(firefox:21288): GLib-GObject-WARNING **: 10:13:14.301: ../../../../gobject/gsignal.c:3492: signal name 'selection_changed' is invalid for instance '0x7fbcd2b8cb50' of type 'MaiAtkType319'
1556503996318	Marionette	INFO	Stopped listening on port 43793
1556504141094	mozrunner::runner	INFO	Running command: "/usr/bin/firefox" "-marionette" "-foreground" "-no-remote" "-profile" "/tmp/rust_mozprofile.3MRJP2bOLBVb"
1556504141545	addons.webextension.screenshots@mozilla.org	WARN	Loading extension 'screenshots@mozilla.org': Reading manifest: Invalid extension permission: mozillaAddons
1556504141545	addons.webextension.screenshots@mozilla.org	WARN	Loading extension 'screenshots@mozilla.org': Reading manifest: Invalid extension permission: resource://pdf.js/
1556504141546	addons.webextension.screenshots@mozilla.org	WARN	Loading extension 'screenshots@mozilla.org': Reading manifest: Invalid extension permission: about:reader*
1556504143769	Marionette	INFO	Listening on port 44071
1556504143856	Marionette	WARN	TLS certificate errors will be ignored for this session

(firefox:21643): GLib-GObject-WARNING **: 10:15:44.463: ../../../../gobject/gsignal.c:3492: signal name 'selection_changed' is invalid for instance '0x7f7e5b3b4c40' of type 'MaiAtkType319'
1556504148145	Marionette	INFO	Stopped listening on port 44071
1556504159174	mozrunner::runner	INFO	Running command: "/usr/bin/firefox" "-marionette" "-foreground" "-no-remote" "-profile" "/tmp/rust_mozprofile.CRkumtMUdKeR"
1556504159711	addons.webextension.screenshots@mozilla.org	WARN	Loading extension 'screenshots@mozilla.org': Reading manifest: Invalid extension permission: mozillaAddons
1556504159711	addons.webextension.screenshots@mozilla.org	WARN	Loading extension 'screenshots@mozilla.org': Reading manifest: Invalid extension permission: resource://pdf.js/
1556504159711	addons.webextension.screenshots@mozilla.org	WARN	Loading extension 'screenshots@mozilla.org': Reading manifest: Invalid extension permission: about:reader*
1556504161654	Marionette	INFO	Listening on port 42703
1556504161707	Marionette	WARN	TLS certificate errors will be ignored for this session
JavaScript error: http://localhost:5000/static/bootstrap.min.js, line 6: Error: Bootstrap's JavaScript requires jQuery
JavaScript error: http://localhost:5000/, line 41: SyntaxError: unterminated regular expression literal
console.error: BroadcastService: 
  receivedBroadcastMessage: handler for
  remote-settings/monitor_changes
  threw error:
  Message: Error: Polling for changes failed: NetworkError when attempting to fetch resource..
  Stack:
    remoteSettingsFunction/remoteSettings.pollChanges@resource://services-settings/remote-settings.js:190:13

1556505082783	mozrunner::runner	INFO	Running command: "/usr/bin/firefox" "-marionette" "-foreground" "-no-remote" "-profile" "/tmp/rust_mozprofile.7ocycOnJoXZZ"
1556505083397	addons.webextension.screenshots@mozilla.org	WARN	Loading extension 'screenshots@mozilla.org': Reading manifest: Invalid extension permission: mozillaAddons
1556505083398	addons.webextension.screenshots@mozilla.org	WARN	Loading extension 'screenshots@mozilla.org': Reading manifest: Invalid extension permission: resource://pdf.js/
1556505083398	addons.webextension.screenshots@mozilla.org	WARN	Loading extension 'screenshots@mozilla.org': Reading manifest: Invalid extension permission: about:reader*
1556505085298	Marionette	INFO	Listening on port 40069
1556505085433	Marionette	WARN	TLS certificate errors will be ignored for this session
[Parent 22535, Gecko_IOThread] WARNING: pipe error (68): Connection reset by peer: file /build/firefox-6m4fHv/firefox-66.0.3+build1/ipc/chromium/src/chrome/common/ipc_channel_posix.cc, line 357
1556505109071	Marionette	INFO	Stopped listening on port 40069
1556506524815	mozrunner::runner	INFO	Running command: "/usr/bin/firefox" "-marionette" "-foreground" "-no-remote" "-profile" "/tmp/rust_mozprofile.NITEFHtCJUyF"
1556506525827	addons.webextension.screenshots@mozilla.org	WARN	Loading extension 'screenshots@mozilla.org': Reading manifest: Invalid extension permission: mozillaAddons
1556506525828	addons.webextension.screenshots@mozilla.org	WARN	Loading extension 'screenshots@mozilla.org': Reading manifest: Invalid extension permission: resource://pdf.js/
1556506525828	addons.webextension.screenshots@mozilla.org	WARN	Loading extension 'screenshots@mozilla.org': Reading manifest: Invalid extension permission: about:reader*
1556506528375	Marionette	INFO	Listening on port 39073
1556506528503	Marionette	WARN	TLS certificate errors will be ignored for this session
1556506599280	mozrunner::runner	INFO	Running command: "/usr/bin/firefox" "-marionette" "-foreground" "-no-remote" "-profile" "/tmp/rust_mozprofile.vzr14qJHK2JS"
1556506599976	addons.webextension.screenshots@mozilla.org	WARN	Loading extension 'screenshots@mozilla.org': Reading manifest: Invalid extension permission: mozillaAddons
1556506599977	addons.webextension.screenshots@mozilla.org	WARN	Loading extension 'screenshots@mozilla.org': Reading manifest: Invalid extension permission: resource://pdf.js/
1556506599977	addons.webextension.screenshots@mozilla.org	WARN	Loading extension 'screenshots@mozilla.org': Reading manifest: Invalid extension permission: about:reader*
1556506602547	Marionette	INFO	Listening on port 39619
1556506602700	Marionette	WARN	TLS certificate errors will be ignored for this session
1556506607688	Marionette	INFO	Stopped listening on port 39073
[Parent 23767, Gecko_IOThread] WARNING: pipe error (71): Connection reset by peer: file /build/firefox-6m4fHv/firefox-66.0.3+build1/ipc/chromium/src/chrome/common/ipc_channel_posix.cc, line 357
[Parent 23767, Gecko_IOThread] WARNING: pipe error (78): Connection reset by peer: file /build/firefox-6m4fHv/firefox-66.0.3+build1/ipc/chromium/src/chrome/common/ipc_channel_posix.cc, line 357
1556506609082	Marionette	INFO	Stopped listening on port 39619
1556506758790	mozrunner::runner	INFO	Running command: "/usr/bin/firefox" "-marionette" "-foreground" "-no-remote" "-profile" "/tmp/rust_mozprofile.Xo8xfeJpMezI"
1556506759524	addons.webextension.screenshots@mozilla.org	WARN	Loading extension 'screenshots@mozilla.org': Reading manifest: Invalid extension permission: mozillaAddons
1556506759524	addons.webextension.screenshots@mozilla.org	WARN	Loading extension 'screenshots@mozilla.org': Reading manifest: Invalid extension permission: resource://pdf.js/
1556506759524	addons.webextension.screenshots@mozilla.org	WARN	Loading extension 'screenshots@mozilla.org': Reading manifest: Invalid extension permission: about:reader*
1556506761565	Marionette	INFO	Listening on port 40731
1556506761612	Marionette	WARN	TLS certificate errors will be ignored for this session
JavaScript error: http://localhost:5000/static/bootstrap.min.js, line 6: Error: Bootstrap's JavaScript requires jQuery
JavaScript error: http://localhost:5000/, line 41: SyntaxError: unterminated regular expression literal
JavaScript error: http://localhost:5000/static/bootstrap.min.js, line 6: Error: Bootstrap's JavaScript requires jQuery

(firefox:24123): GLib-GObject-WARNING **: 10:59:24.725: ../../../../gobject/gsignal.c:3492: signal name 'selection_changed' is invalid for instance '0x7f9ae939afb0' of type 'MaiAtkType139'

(firefox:24123): GLib-GObject-WARNING **: 10:59:24.762: ../../../../gobject/gsignal.c:3492: signal name 'selection_changed' is invalid for instance '0x7f9aec7de7e0' of type 'MaiAtkType139'

(firefox:24123): GLib-GObject-WARNING **: 10:59:24.802: ../../../../gobject/gsignal.c:3492: signal name 'selection_changed' is invalid for instance '0x7f9af291cb50' of type 'MaiAtkType139'

(firefox:24123): GLib-GObject-WARNING **: 10:59:24.827: ../../../../gobject/gsignal.c:3492: signal name 'selection_changed' is invalid for instance '0x7f9af47f0560' of type 'MaiAtkType139'
JavaScript error: http://localhost:5000/static/bootstrap.min.js, line 6: Error: Bootstrap's JavaScript requires jQuery
JavaScript error: http://localhost:5000/index, line 41: SyntaxError: unterminated regular expression literal
1556506795100	Marionette	INFO	Stopped listening on port 40731
[Parent 24123, Gecko_IOThread] WARNING: pipe error (81): Connection reset by peer: file /build/firefox-6m4fHv/firefox-66.0.3+build1/ipc/chromium/src/chrome/common/ipc_channel_posix.cc, line 357
[Parent 21964, Gecko_IOThread] WARNING: pipe error: Broken pipe: file /build/firefox-6m4fHv/firefox-66.0.3+build1/ipc/chromium/src/chrome/common/ipc_channel_posix.cc, line 726
1556506844663	Marionette	INFO	Stopped listening on port 42703
1556506913701	mozrunner::runner	INFO	Running command: "/usr/bin/firefox" "-marionette" "-foreground" "-no-remote" "-profile" "/tmp/rust_mozprofile.Oje82q0UoAyd"
1556506914186	addons.webextension.screenshots@mozilla.org	WARN	Loading extension 'screenshots@mozilla.org': Reading manifest: Invalid extension permission: mozillaAddons
1556506914186	addons.webextension.screenshots@mozilla.org	WARN	Loading extension 'screenshots@mozilla.org': Reading manifest: Invalid extension permission: resource://pdf.js/
1556506914186	addons.webextension.screenshots@mozilla.org	WARN	Loading extension 'screenshots@mozilla.org': Reading manifest: Invalid extension permission: about:reader*
1556506915862	Marionette	INFO	Listening on port 34015
1556506915917	Marionette	WARN	TLS certificate errors will be ignored for this session

(firefox:24522): GLib-GObject-WARNING **: 11:04:35.747: ../../../../gobject/gsignal.c:3492: signal name 'load_complete' is invalid for instance '0x7fd3cf8d8470' of type 'MaiAtkType139'
1556507158248	mozrunner::runner	INFO	Running command: "/usr/bin/firefox" "-marionette" "-foreground" "-no-remote" "-profile" "/tmp/rust_mozprofile.hx3PJzQJDzwQ"
1556507158781	addons.webextension.screenshots@mozilla.org	WARN	Loading extension 'screenshots@mozilla.org': Reading manifest: Invalid extension permission: mozillaAddons
1556507158782	addons.webextension.screenshots@mozilla.org	WARN	Loading extension 'screenshots@mozilla.org': Reading manifest: Invalid extension permission: resource://pdf.js/
1556507158782	addons.webextension.screenshots@mozilla.org	WARN	Loading extension 'screenshots@mozilla.org': Reading manifest: Invalid extension permission: about:reader*
1556507160643	Marionette	INFO	Listening on port 33137
1556507160685	Marionette	WARN	TLS certificate errors will be ignored for this session
1556507192405	mozrunner::runner	INFO	Running command: "/usr/bin/firefox" "-marionette" "-foreground" "-no-remote" "-profile" "/tmp/rust_mozprofile.HOmzvk8SQBOs"
1556507192885	addons.webextension.screenshots@mozilla.org	WARN	Loading extension 'screenshots@mozilla.org': Reading manifest: Invalid extension permission: mozillaAddons
1556507192886	addons.webextension.screenshots@mozilla.org	WARN	Loading extension 'screenshots@mozilla.org': Reading manifest: Invalid extension permission: resource://pdf.js/
1556507192886	addons.webextension.screenshots@mozilla.org	WARN	Loading extension 'screenshots@mozilla.org': Reading manifest: Invalid extension permission: about:reader*
1556507195110	Marionette	INFO	Listening on port 35105
1556507195160	Marionette	WARN	TLS certificate errors will be ignored for this session
JavaScript error: http://localhost:5000/static/bootstrap.min.js, line 6: Error: Bootstrap's JavaScript requires jQuery
JavaScript error: http://localhost:5000/, line 41: SyntaxError: unterminated regular expression literal
JavaScript error: http://localhost:5000/static/bootstrap.min.js, line 6: Error: Bootstrap's JavaScript requires jQuery
JavaScript error: http://localhost:5000/static/bootstrap.min.js, line 6: Error: Bootstrap's JavaScript requires jQuery
JavaScript error: http://localhost:5000/index, line 41: SyntaxError: unterminated regular expression literal
JavaScript error: http://localhost:5000/static/bootstrap.min.js, line 6: Error: Bootstrap's JavaScript requires jQuery

(/usr/lib/firefox/firefox:25298): dconf-WARNING **: 11:06:51.363: Unable to open /var/lib/snapd/desktop/dconf/profile/user: Permission denied
JavaScript error: http://localhost:5000/static/bootstrap.min.js, line 6: Error: Bootstrap's JavaScript requires jQuery
1556507227961	Marionette	INFO	Stopped listening on port 35105
[Parent 25171, Gecko_IOThread] WARNING: pipe error (97): Connection reset by peer: file /build/firefox-6m4fHv/firefox-66.0.3+build1/ipc/chromium/src/chrome/common/ipc_channel_posix.cc, line 357
[Parent 25171, Gecko_IOThread] WARNING: pipe error (78): Connection reset by peer: file /build/firefox-6m4fHv/firefox-66.0.3+build1/ipc/chromium/src/chrome/common/ipc_channel_posix.cc, line 357
1556507248695	mozrunner::runner	INFO	Running command: "/usr/bin/firefox" "-marionette" "-foreground" "-no-remote" "-profile" "/tmp/rust_mozprofile.tBpbTvhI21Ww"
1556507249153	addons.webextension.screenshots@mozilla.org	WARN	Loading extension 'screenshots@mozilla.org': Reading manifest: Invalid extension permission: mozillaAddons
1556507249154	addons.webextension.screenshots@mozilla.org	WARN	Loading extension 'screenshots@mozilla.org': Reading manifest: Invalid extension permission: resource://pdf.js/
1556507249154	addons.webextension.screenshots@mozilla.org	WARN	Loading extension 'screenshots@mozilla.org': Reading manifest: Invalid extension permission: about:reader*
Exiting due to channel error.
[Child 25585, Chrome_ChildThread] WARNING: pipe error (54): Connection reset by peer: file /build/firefox-6m4fHv/firefox-66.0.3+build1/ipc/chromium/src/chrome/common/ipc_channel_posix.cc, line 357
[Child 25585, Chrome_ChildThread] WARNING: pipe error (3): Connection reset by peer: file /build/firefox-6m4fHv/firefox-66.0.3+build1/ipc/chromium/src/chrome/common/ipc_channel_posix.cc, line 357
Exiting due to channel error.
console.error: BroadcastService: 
  receivedBroadcastMessage: handler for
  remote-settings/monitor_changes
  threw error:
  Message: Error: Polling for changes failed: NetworkError when attempting to fetch resource..
  Stack:
    remoteSettingsFunction/remoteSettings.pollChanges@resource://services-settings/remote-settings.js:190:13

console.error: BroadcastService: 
  receivedBroadcastMessage: handler for
  remote-settings/monitor_changes
  threw error:
  Message: Error: Polling for changes failed: NetworkError when attempting to fetch resource..
  Stack:
    remoteSettingsFunction/remoteSettings.pollChanges@resource://services-settings/remote-settings.js:190:13

1556507305240	Marionette	INFO	Stopped listening on port 33137
IPDL protocol error: Handler returned error code!

###!!! [Parent][DispatchAsyncMessage] Error: PLayerTransaction::Msg_ReleaseLayer Processing error: message was deserialized, but the handler returned false (indicating failure)


###!!! [Child][RunMessage] Error: Channel closing: too late to send/recv, messages will be lost

[Parent 24522, Gecko_IOThread] WARNING: pipe error (107): Connection reset by peer: file /build/firefox-6m4fHv/firefox-66.0.3+build1/ipc/chromium/src/chrome/common/ipc_channel_posix.cc, line 357
[Parent 24522, Gecko_IOThread] WARNING: pipe error (70): Connection reset by peer: file /build/firefox-6m4fHv/firefox-66.0.3+build1/ipc/chromium/src/chrome/common/ipc_channel_posix.cc, line 357
[Parent 24522, Gecko_IOThread] WARNING: pipe error (61): Connection reset by peer: file /build/firefox-6m4fHv/firefox-66.0.3+build1/ipc/chromium/src/chrome/common/ipc_channel_posix.cc, line 357
1556507309994	Marionette	INFO	Stopped listening on port 34015
1556507450628	mozrunner::runner	INFO	Running command: "/usr/bin/firefox" "-marionette" "-foreground" "-no-remote" "-profile" "/tmp/rust_mozprofile.fcGTSVaIzJoM"
1556507451547	addons.webextension.screenshots@mozilla.org	WARN	Loading extension 'screenshots@mozilla.org': Reading manifest: Invalid extension permission: mozillaAddons
1556507451548	addons.webextension.screenshots@mozilla.org	WARN	Loading extension 'screenshots@mozilla.org': Reading manifest: Invalid extension permission: resource://pdf.js/
1556507451548	addons.webextension.screenshots@mozilla.org	WARN	Loading extension 'screenshots@mozilla.org': Reading manifest: Invalid extension permission: about:reader*
1556507454074	Marionette	INFO	Listening on port 39521
1556507454182	Marionette	WARN	TLS certificate errors will be ignored for this session
1556507552593	mozrunner::runner	INFO	Running command: "/usr/bin/firefox" "-marionette" "-foreground" "-no-remote" "-profile" "/tmp/rust_mozprofile.yId2JVV8vEns"
1556507553319	addons.webextension.screenshots@mozilla.org	WARN	Loading extension 'screenshots@mozilla.org': Reading manifest: Invalid extension permission: mozillaAddons
1556507553319	addons.webextension.screenshots@mozilla.org	WARN	Loading extension 'screenshots@mozilla.org': Reading manifest: Invalid extension permission: resource://pdf.js/
1556507553319	addons.webextension.screenshots@mozilla.org	WARN	Loading extension 'screenshots@mozilla.org': Reading manifest: Invalid extension permission: about:reader*
1556507555604	Marionette	INFO	Listening on port 37535
1556507555646	Marionette	WARN	TLS certificate errors will be ignored for this session
JavaScript error: http://localhost:5000/static/bootstrap.min.js, line 6: Error: Bootstrap's JavaScript requires jQuery
JavaScript error: http://localhost:5000/, line 41: SyntaxError: unterminated regular expression literal
JavaScript error: http://localhost:5000/static/bootstrap.min.js, line 6: Error: Bootstrap's JavaScript requires jQuery
JavaScript error: http://localhost:5000/static/bootstrap.min.js, line 6: Error: Bootstrap's JavaScript requires jQuery
JavaScript error: http://localhost:5000/index, line 41: SyntaxError: unterminated regular expression literal
1556507587212	Marionette	INFO	Stopped listening on port 37535

###!!! [Parent][MessageChannel] Error: (msgtype=0x1B0011,name=PBackgroundStorage::Msg_Observe) Channel error: cannot send/recv

[Parent 26172, Gecko_IOThread] WARNING: pipe error (84): Connection reset by peer: file /build/firefox-6m4fHv/firefox-66.0.3+build1/ipc/chromium/src/chrome/common/ipc_channel_posix.cc, line 357
1556507982496	mozrunner::runner	INFO	Running command: "/usr/bin/firefox" "-marionette" "-foreground" "-no-remote" "-profile" "/tmp/rust_mozprofile.EeJURPW5WUew"
1556507983347	addons.webextension.screenshots@mozilla.org	WARN	Loading extension 'screenshots@mozilla.org': Reading manifest: Invalid extension permission: mozillaAddons
1556507983348	addons.webextension.screenshots@mozilla.org	WARN	Loading extension 'screenshots@mozilla.org': Reading manifest: Invalid extension permission: resource://pdf.js/
1556507983348	addons.webextension.screenshots@mozilla.org	WARN	Loading extension 'screenshots@mozilla.org': Reading manifest: Invalid extension permission: about:reader*
1556507985623	Marionette	INFO	Listening on port 46653
1556507985709	Marionette	WARN	TLS certificate errors will be ignored for this session
JavaScript error: http://localhost:5000/static/bootstrap.min.js, line 6: Error: Bootstrap's JavaScript requires jQuery
JavaScript error: http://localhost:5000/, line 41: SyntaxError: unterminated regular expression literal
JavaScript error: http://localhost:5000/static/bootstrap.min.js, line 6: Error: Bootstrap's JavaScript requires jQuery
JavaScript error: http://localhost:5000/static/bootstrap.min.js, line 6: Error: Bootstrap's JavaScript requires jQuery
JavaScript error: http://localhost:5000/index, line 41: SyntaxError: unterminated regular expression literal
1556507992196	Marionette	INFO	Stopped listening on port 46653
[Parent 26636, Gecko_IOThread] WARNING: pipe error (70): Connection reset by peer: file /build/firefox-6m4fHv/firefox-66.0.3+build1/ipc/chromium/src/chrome/common/ipc_channel_posix.cc, line 357
1556508114615	mozrunner::runner	INFO	Running command: "/usr/bin/firefox" "-marionette" "-foreground" "-no-remote" "-profile" "/tmp/rust_mozprofile.01mjalVjmTLT"
1556508115158	addons.webextension.screenshots@mozilla.org	WARN	Loading extension 'screenshots@mozilla.org': Reading manifest: Invalid extension permission: mozillaAddons
1556508115160	addons.webextension.screenshots@mozilla.org	WARN	Loading extension 'screenshots@mozilla.org': Reading manifest: Invalid extension permission: resource://pdf.js/
1556508115160	addons.webextension.screenshots@mozilla.org	WARN	Loading extension 'screenshots@mozilla.org': Reading manifest: Invalid extension permission: about:reader*
1556508116993	Marionette	INFO	Listening on port 46453
1556508117034	Marionette	WARN	TLS certificate errors will be ignored for this session
JavaScript error: http://localhost:5000/static/bootstrap.min.js, line 6: Error: Bootstrap's JavaScript requires jQuery
JavaScript error: http://localhost:5000/, line 41: SyntaxError: unterminated regular expression literal
JavaScript error: http://localhost:5000/static/bootstrap.min.js, line 6: Error: Bootstrap's JavaScript requires jQuery
JavaScript error: http://localhost:5000/static/bootstrap.min.js, line 6: Error: Bootstrap's JavaScript requires jQuery
JavaScript error: http://localhost:5000/index, line 41: SyntaxError: unterminated regular expression literal
JavaScript error: http://localhost:5000/static/bootstrap.min.js, line 6: Error: Bootstrap's JavaScript requires jQuery

(/usr/lib/firefox/firefox:27138): dconf-WARNING **: 11:22:20.771: Unable to open /var/lib/snapd/desktop/dconf/profile/user: Permission denied
JavaScript error: http://localhost:5000/static/bootstrap.min.js, line 6: Error: Bootstrap's JavaScript requires jQuery
JavaScript error: http://localhost:5000/index, line 47: SyntaxError: unterminated regular expression literal
JavaScript error: http://localhost:5000/static/bootstrap.min.js, line 6: Error: Bootstrap's JavaScript requires jQuery
JavaScript error: http://localhost:5000/static/bootstrap.min.js, line 6: Error: Bootstrap's JavaScript requires jQuery
JavaScript error: http://localhost:5000/index, line 45: SyntaxError: unterminated regular expression literal
1556508158622	Marionette	INFO	Stopped listening on port 46453
[Parent 27000, Gecko_IOThread] WARNING: pipe error (70): Connection reset by peer: file /build/firefox-6m4fHv/firefox-66.0.3+build1/ipc/chromium/src/chrome/common/ipc_channel_posix.cc, line 357
1556508167909	mozrunner::runner	INFO	Running command: "/usr/bin/firefox" "-marionette" "-foreground" "-no-remote" "-profile" "/tmp/rust_mozprofile.IoPnSqlweZNL"
1556508168445	addons.webextension.screenshots@mozilla.org	WARN	Loading extension 'screenshots@mozilla.org': Reading manifest: Invalid extension permission: mozillaAddons
1556508168446	addons.webextension.screenshots@mozilla.org	WARN	Loading extension 'screenshots@mozilla.org': Reading manifest: Invalid extension permission: resource://pdf.js/
1556508168446	addons.webextension.screenshots@mozilla.org	WARN	Loading extension 'screenshots@mozilla.org': Reading manifest: Invalid extension permission: about:reader*
1556508170342	Marionette	INFO	Listening on port 40423
1556508170440	Marionette	WARN	TLS certificate errors will be ignored for this session
JavaScript error: http://localhost:5000/static/bootstrap.min.js, line 6: Error: Bootstrap's JavaScript requires jQuery
JavaScript error: http://localhost:5000/, line 41: SyntaxError: unterminated regular expression literal
JavaScript error: http://localhost:5000/static/bootstrap.min.js, line 6: Error: Bootstrap's JavaScript requires jQuery
JavaScript error: http://localhost:5000/static/bootstrap.min.js, line 6: Error: Bootstrap's JavaScript requires jQuery
JavaScript error: http://localhost:5000/index, line 41: SyntaxError: unterminated regular expression literal
JavaScript error: http://localhost:5000/static/bootstrap.min.js, line 6: Error: Bootstrap's JavaScript requires jQuery

(/usr/lib/firefox/firefox:27418): dconf-WARNING **: 11:23:01.081: Unable to open /var/lib/snapd/desktop/dconf/profile/user: Permission denied
JavaScript error: http://localhost:5000/static/bootstrap.min.js, line 6: Error: Bootstrap's JavaScript requires jQuery
JavaScript error: http://localhost:5000/index, line 45: SyntaxError: unterminated regular expression literal
1556508186913	Marionette	INFO	Stopped listening on port 40423
[Parent 27280, Gecko_IOThread] WARNING: pipe error (78): Connection reset by peer: file /build/firefox-6m4fHv/firefox-66.0.3+build1/ipc/chromium/src/chrome/common/ipc_channel_posix.cc, line 357
[Parent 27280, Gecko_IOThread] WARNING: pipe error (104): Connection reset by peer: file /build/firefox-6m4fHv/firefox-66.0.3+build1/ipc/chromium/src/chrome/common/ipc_channel_posix.cc, line 357
1556509425578	mozrunner::runner	INFO	Running command: "/usr/bin/firefox" "-marionette" "-foreground" "-no-remote" "-profile" "/tmp/rust_mozprofile.xaumu9RdHQfw"
1556509426205	addons.webextension.screenshots@mozilla.org	WARN	Loading extension 'screenshots@mozilla.org': Reading manifest: Invalid extension permission: mozillaAddons
1556509426205	addons.webextension.screenshots@mozilla.org	WARN	Loading extension 'screenshots@mozilla.org': Reading manifest: Invalid extension permission: resource://pdf.js/
1556509426206	addons.webextension.screenshots@mozilla.org	WARN	Loading extension 'screenshots@mozilla.org': Reading manifest: Invalid extension permission: about:reader*
1556509428429	Marionette	INFO	Listening on port 32847
1556509428497	Marionette	WARN	TLS certificate errors will be ignored for this session
JavaScript error: http://localhost:5000/static/bootstrap.min.js, line 6: Error: Bootstrap's JavaScript requires jQuery
JavaScript error: http://localhost:5000/, line 41: SyntaxError: unterminated regular expression literal
JavaScript error: http://localhost:5000/static/bootstrap.min.js, line 6: Error: Bootstrap's JavaScript requires jQuery
JavaScript error: http://localhost:5000/static/bootstrap.min.js, line 6: Error: Bootstrap's JavaScript requires jQuery
JavaScript error: http://localhost:5000/index, line 41: SyntaxError: unterminated regular expression literal
JavaScript error: http://localhost:5000/static/bootstrap.min.js, line 6: Error: Bootstrap's JavaScript requires jQuery

(/usr/lib/firefox/firefox:28297): dconf-WARNING **: 11:44:04.915: Unable to open /var/lib/snapd/desktop/dconf/profile/user: Permission denied
JavaScript error: http://localhost:5000/static/bootstrap.min.js, line 6: Error: Bootstrap's JavaScript requires jQuery
JavaScript error: http://localhost:5000/index, line 45: SyntaxError: unterminated regular expression literal
1556509449261	Marionette	INFO	Stopped listening on port 32847
[Parent 28136, Gecko_IOThread] WARNING: pipe error (92): Connection reset by peer: file /build/firefox-6m4fHv/firefox-66.0.3+build1/ipc/chromium/src/chrome/common/ipc_channel_posix.cc, line 357
[Parent 25859, Gecko_IOThread] WARNING: pipe error (70): Connection reset by peer: file /build/firefox-6m4fHv/firefox-66.0.3+build1/ipc/chromium/src/chrome/common/ipc_channel_posix.cc, line 357
1556509893165	Marionette	INFO	Stopped listening on port 39521
1556509922770	mozrunner::runner	INFO	Running command: "/usr/bin/firefox" "-marionette" "-foreground" "-no-remote" "-profile" "/tmp/rust_mozprofile.Kr62N18Kwcv5"
1556509923367	addons.webextension.screenshots@mozilla.org	WARN	Loading extension 'screenshots@mozilla.org': Reading manifest: Invalid extension permission: mozillaAddons
1556509923368	addons.webextension.screenshots@mozilla.org	WARN	Loading extension 'screenshots@mozilla.org': Reading manifest: Invalid extension permission: resource://pdf.js/
1556509923368	addons.webextension.screenshots@mozilla.org	WARN	Loading extension 'screenshots@mozilla.org': Reading manifest: Invalid extension permission: about:reader*
1556509925751	Marionette	INFO	Listening on port 42179
1556509925845	Marionette	WARN	TLS certificate errors will be ignored for this session
JavaScript error: http://localhost:5000/static/bootstrap.min.js, line 6: Error: Bootstrap's JavaScript requires jQuery
JavaScript error: http://localhost:5000/, line 41: SyntaxError: unterminated regular expression literal
JavaScript error: http://localhost:5000/static/bootstrap.min.js, line 6: Error: Bootstrap's JavaScript requires jQuery

(/usr/lib/firefox/firefox:28862): dconf-WARNING **: 11:52:08.700: Unable to open /var/lib/snapd/desktop/dconf/profile/user: Permission denied
JavaScript error: http://localhost:5000/static/bootstrap.min.js, line 6: Error: Bootstrap's JavaScript requires jQuery
JavaScript error: http://localhost:5000/index, line 41: SyntaxError: unterminated regular expression literal
console.error: BroadcastService: 
  receivedBroadcastMessage: handler for
  remote-settings/monitor_changes
  threw error:
  Message: Error: Polling for changes failed: NetworkError when attempting to fetch resource..
  Stack:
    remoteSettingsFunction/remoteSettings.pollChanges@resource://services-settings/remote-settings.js:190:13

JavaScript error: http://localhost:5000/static/bootstrap.min.js, line 6: Error: Bootstrap's JavaScript requires jQuery
1556509954119	Marionette	INFO	Stopped listening on port 42179
[Parent 28612, Gecko_IOThread] WARNING: pipe error (70): Connection reset by peer: file /build/firefox-6m4fHv/firefox-66.0.3+build1/ipc/chromium/src/chrome/common/ipc_channel_posix.cc, line 357
[Parent 28612, Gecko_IOThread] WARNING: pipe error (88): Connection reset by peer: file /build/firefox-6m4fHv/firefox-66.0.3+build1/ipc/chromium/src/chrome/common/ipc_channel_posix.cc, line 357
1556510259266	mozrunner::runner	INFO	Running command: "/usr/bin/firefox" "-marionette" "-foreground" "-no-remote" "-profile" "/tmp/rust_mozprofile.s8k0zLrIYVR1"
1556510259898	addons.webextension.screenshots@mozilla.org	WARN	Loading extension 'screenshots@mozilla.org': Reading manifest: Invalid extension permission: mozillaAddons
1556510259898	addons.webextension.screenshots@mozilla.org	WARN	Loading extension 'screenshots@mozilla.org': Reading manifest: Invalid extension permission: resource://pdf.js/
1556510259899	addons.webextension.screenshots@mozilla.org	WARN	Loading extension 'screenshots@mozilla.org': Reading manifest: Invalid extension permission: about:reader*
1556510261778	Marionette	INFO	Listening on port 44731
1556510261880	Marionette	WARN	TLS certificate errors will be ignored for this session
1556510300127	mozrunner::runner	INFO	Running command: "/usr/bin/firefox" "-marionette" "-foreground" "-no-remote" "-profile" "/tmp/rust_mozprofile.f25rilczxkx5"
1556510300619	addons.webextension.screenshots@mozilla.org	WARN	Loading extension 'screenshots@mozilla.org': Reading manifest: Invalid extension permission: mozillaAddons
1556510300620	addons.webextension.screenshots@mozilla.org	WARN	Loading extension 'screenshots@mozilla.org': Reading manifest: Invalid extension permission: resource://pdf.js/
1556510300620	addons.webextension.screenshots@mozilla.org	WARN	Loading extension 'screenshots@mozilla.org': Reading manifest: Invalid extension permission: about:reader*
[Parent 29112, Gecko_IOThread] WARNING: pipe error (83): Connection reset by peer: file /build/firefox-6m4fHv/firefox-66.0.3+build1/ipc/chromium/src/chrome/common/ipc_channel_posix.cc, line 357
[Parent 29112, Gecko_IOThread] WARNING: pipe error (69): Connection reset by peer: file /build/firefox-6m4fHv/firefox-66.0.3+build1/ipc/chromium/src/chrome/common/ipc_channel_posix.cc, line 357
1556510302643	Marionette	INFO	Listening on port 36633
1556510302751	Marionette	WARN	TLS certificate errors will be ignored for this session
1556510302768	Marionette	INFO	Stopped listening on port 44731
JavaScript error: http://localhost:5000/static/bootstrap.min.js, line 6: Error: Bootstrap's JavaScript requires jQuery
JavaScript error: http://localhost:5000/, line 41: SyntaxError: unterminated regular expression literal
JavaScript error: http://localhost:5000/static/bootstrap.min.js, line 6: Error: Bootstrap's JavaScript requires jQuery

(/usr/lib/firefox/firefox:29526): dconf-WARNING **: 11:58:24.894: Unable to open /var/lib/snapd/desktop/dconf/profile/user: Permission denied
JavaScript error: http://localhost:5000/static/bootstrap.min.js, line 6: Error: Bootstrap's JavaScript requires jQuery
JavaScript error: http://localhost:5000/index, line 45: SyntaxError: unterminated regular expression literal
console.error: BroadcastService: 
  receivedBroadcastMessage: handler for
  remote-settings/monitor_changes
  threw error:
  Message: Error: Polling for changes failed: NetworkError when attempting to fetch resource..
  Stack:
    remoteSettingsFunction/remoteSettings.pollChanges@resource://services-settings/remote-settings.js:190:13

1556510325090	Marionette	INFO	Stopped listening on port 36633
[Parent 29389, Gecko_IOThread] WARNING: pipe error (78): Connection reset by peer: file /build/firefox-6m4fHv/firefox-66.0.3+build1/ipc/chromium/src/chrome/common/ipc_channel_posix.cc, line 357
1556510538899	mozrunner::runner	INFO	Running command: "/usr/bin/firefox" "-marionette" "-foreground" "-no-remote" "-profile" "/tmp/rust_mozprofile.CeXEdZBuc3qh"
1556510539554	addons.webextension.screenshots@mozilla.org	WARN	Loading extension 'screenshots@mozilla.org': Reading manifest: Invalid extension permission: mozillaAddons
1556510539555	addons.webextension.screenshots@mozilla.org	WARN	Loading extension 'screenshots@mozilla.org': Reading manifest: Invalid extension permission: resource://pdf.js/
1556510539555	addons.webextension.screenshots@mozilla.org	WARN	Loading extension 'screenshots@mozilla.org': Reading manifest: Invalid extension permission: about:reader*
1556510541474	Marionette	INFO	Listening on port 41851
1556510541527	Marionette	WARN	TLS certificate errors will be ignored for this session
JavaScript error: http://localhost:5000/static/bootstrap.min.js, line 6: Error: Bootstrap's JavaScript requires jQuery
JavaScript error: http://localhost:5000/, line 41: SyntaxError: unterminated regular expression literal
JavaScript error: http://localhost:5000/static/bootstrap.min.js, line 6: Error: Bootstrap's JavaScript requires jQuery

(/usr/lib/firefox/firefox:29978): dconf-WARNING **: 12:02:23.470: Unable to open /var/lib/snapd/desktop/dconf/profile/user: Permission denied
JavaScript error: http://localhost:5000/static/bootstrap.min.js, line 6: Error: Bootstrap's JavaScript requires jQuery
JavaScript error: http://localhost:5000/index, line 45: SyntaxError: unterminated regular expression literal
console.error: BroadcastService: 
  receivedBroadcastMessage: handler for
  remote-settings/monitor_changes
  threw error:
  Message: Error: Polling for changes failed: NetworkError when attempting to fetch resource..
  Stack:
    remoteSettingsFunction/remoteSettings.pollChanges@resource://services-settings/remote-settings.js:190:13

1556510563783	Marionette	INFO	Stopped listening on port 41851
[Parent 29802, Gecko_IOThread] WARNING: pipe error (81): Connection reset by peer: file /build/firefox-6m4fHv/firefox-66.0.3+build1/ipc/chromium/src/chrome/common/ipc_channel_posix.cc, line 357
[Parent 29802, Gecko_IOThread] WARNING: pipe error (78): Connection reset by peer: file /build/firefox-6m4fHv/firefox-66.0.3+build1/ipc/chromium/src/chrome/common/ipc_channel_posix.cc, line 357
1556593041403	mozrunner::runner	INFO	Running command: "/usr/bin/firefox" "-marionette" "-foreground" "-no-remote" "-profile" "/tmp/rust_mozprofile.nC2COA1rePND"
1556593042125	addons.webextension.screenshots@mozilla.org	WARN	Loading extension 'screenshots@mozilla.org': Reading manifest: Invalid extension permission: mozillaAddons
1556593042125	addons.webextension.screenshots@mozilla.org	WARN	Loading extension 'screenshots@mozilla.org': Reading manifest: Invalid extension permission: resource://pdf.js/
1556593042125	addons.webextension.screenshots@mozilla.org	WARN	Loading extension 'screenshots@mozilla.org': Reading manifest: Invalid extension permission: about:reader*
1556593045344	Marionette	INFO	Listening on port 39127
1556593045452	Marionette	WARN	TLS certificate errors will be ignored for this session
1556593421931	mozrunner::runner	INFO	Running command: "/usr/bin/firefox" "-marionette" "-foreground" "-no-remote" "-profile" "/tmp/rust_mozprofile.y2DpI51jxxuo"
1556593422585	addons.webextension.screenshots@mozilla.org	WARN	Loading extension 'screenshots@mozilla.org': Reading manifest: Invalid extension permission: mozillaAddons
1556593422586	addons.webextension.screenshots@mozilla.org	WARN	Loading extension 'screenshots@mozilla.org': Reading manifest: Invalid extension permission: resource://pdf.js/
1556593422586	addons.webextension.screenshots@mozilla.org	WARN	Loading extension 'screenshots@mozilla.org': Reading manifest: Invalid extension permission: about:reader*
1556593424890	Marionette	INFO	Listening on port 40257
1556593424972	Marionette	WARN	TLS certificate errors will be ignored for this session
JavaScript error: http://localhost:5000/static/bootstrap.min.js, line 6: Error: Bootstrap's JavaScript requires jQuery
JavaScript error: http://localhost:5000/, line 41: SyntaxError: unterminated regular expression literal
1556593427573	Marionette	INFO	Stopped listening on port 40257
[Parent 14440, Gecko_IOThread] WARNING: pipe error (70): Connection reset by peer: file /build/firefox-6m4fHv/firefox-66.0.3+build1/ipc/chromium/src/chrome/common/ipc_channel_posix.cc, line 357
console.error: BroadcastService: 
  receivedBroadcastMessage: handler for
  remote-settings/monitor_changes
  threw error:
  Message: Error: Polling for changes failed: NetworkError when attempting to fetch resource..
  Stack:
    remoteSettingsFunction/remoteSettings.pollChanges@resource://services-settings/remote-settings.js:190:13

1556593467388	mozrunner::runner	INFO	Running command: "/usr/bin/firefox" "-marionette" "-foreground" "-no-remote" "-profile" "/tmp/rust_mozprofile.MnteqyyTqBmZ"
1556593468017	addons.webextension.screenshots@mozilla.org	WARN	Loading extension 'screenshots@mozilla.org': Reading manifest: Invalid extension permission: mozillaAddons
1556593468017	addons.webextension.screenshots@mozilla.org	WARN	Loading extension 'screenshots@mozilla.org': Reading manifest: Invalid extension permission: resource://pdf.js/
1556593468017	addons.webextension.screenshots@mozilla.org	WARN	Loading extension 'screenshots@mozilla.org': Reading manifest: Invalid extension permission: about:reader*
1556593470110	Marionette	INFO	Listening on port 39885
1556593470222	Marionette	WARN	TLS certificate errors will be ignored for this session
JavaScript error: http://localhost:5000/static/bootstrap.min.js, line 6: Error: Bootstrap's JavaScript requires jQuery
JavaScript error: http://localhost:5000/, line 41: SyntaxError: unterminated regular expression literal
1556593473350	Marionette	INFO	Stopped listening on port 39885
[Parent 14798, Gecko_IOThread] WARNING: pipe error (79): Connection reset by peer: file /build/firefox-6m4fHv/firefox-66.0.3+build1/ipc/chromium/src/chrome/common/ipc_channel_posix.cc, line 357
1556593501921	mozrunner::runner	INFO	Running command: "/usr/bin/firefox" "-marionette" "-foreground" "-no-remote" "-profile" "/tmp/rust_mozprofile.DAze2Wgnf84r"
1556593502520	addons.webextension.screenshots@mozilla.org	WARN	Loading extension 'screenshots@mozilla.org': Reading manifest: Invalid extension permission: mozillaAddons
1556593502520	addons.webextension.screenshots@mozilla.org	WARN	Loading extension 'screenshots@mozilla.org': Reading manifest: Invalid extension permission: resource://pdf.js/
1556593502521	addons.webextension.screenshots@mozilla.org	WARN	Loading extension 'screenshots@mozilla.org': Reading manifest: Invalid extension permission: about:reader*
1556593504561	Marionette	INFO	Listening on port 36255
1556593504652	Marionette	WARN	TLS certificate errors will be ignored for this session
JavaScript error: http://localhost:5000/static/bootstrap.min.js, line 6: Error: Bootstrap's JavaScript requires jQuery
JavaScript error: http://localhost:5000/, line 41: SyntaxError: unterminated regular expression literal
JavaScript error: http://localhost:5000/static/bootstrap.min.js, line 6: Error: Bootstrap's JavaScript requires jQuery

(/usr/lib/firefox/firefox:15295): dconf-WARNING **: 11:05:09.042: Unable to open /var/lib/snapd/desktop/dconf/profile/user: Permission denied
console.error: BroadcastService: 
  receivedBroadcastMessage: handler for
  remote-settings/monitor_changes
  threw error:
  Message: Error: Polling for changes failed: NetworkError when attempting to fetch resource..
  Stack:
    remoteSettingsFunction/remoteSettings.pollChanges@resource://services-settings/remote-settings.js:190:13

1556593534732	Marionette	INFO	Stopped listening on port 36255
[Parent 15150, Gecko_IOThread] WARNING: pipe error (79): Connection reset by peer: file /build/firefox-6m4fHv/firefox-66.0.3+build1/ipc/chromium/src/chrome/common/ipc_channel_posix.cc, line 357
1556593561879	mozrunner::runner	INFO	Running command: "/usr/bin/firefox" "-marionette" "-foreground" "-no-remote" "-profile" "/tmp/rust_mozprofile.gN9HjPD3Qexb"
1556593562478	addons.webextension.screenshots@mozilla.org	WARN	Loading extension 'screenshots@mozilla.org': Reading manifest: Invalid extension permission: mozillaAddons
1556593562478	addons.webextension.screenshots@mozilla.org	WARN	Loading extension 'screenshots@mozilla.org': Reading manifest: Invalid extension permission: resource://pdf.js/
1556593562479	addons.webextension.screenshots@mozilla.org	WARN	Loading extension 'screenshots@mozilla.org': Reading manifest: Invalid extension permission: about:reader*
1556593564736	Marionette	INFO	Listening on port 39977
1556593564916	Marionette	WARN	TLS certificate errors will be ignored for this session
JavaScript error: http://localhost:5000/static/bootstrap.min.js, line 6: Error: Bootstrap's JavaScript requires jQuery
JavaScript error: http://localhost:5000/, line 41: SyntaxError: unterminated regular expression literal
JavaScript error: http://localhost:5000/static/bootstrap.min.js, line 6: Error: Bootstrap's JavaScript requires jQuery

(/usr/lib/firefox/firefox:15629): dconf-WARNING **: 11:06:08.138: Unable to open /var/lib/snapd/desktop/dconf/profile/user: Permission denied
1556593576495	Marionette	INFO	Stopped listening on port 39977
[Parent 15446, Gecko_IOThread] WARNING: pipe error (79): Connection reset by peer: file /build/firefox-6m4fHv/firefox-66.0.3+build1/ipc/chromium/src/chrome/common/ipc_channel_posix.cc, line 357
1556593681493	mozrunner::runner	INFO	Running command: "/usr/bin/firefox" "-marionette" "-foreground" "-no-remote" "-profile" "/tmp/rust_mozprofile.fShvnQD8p4y3"
1556593682189	addons.webextension.screenshots@mozilla.org	WARN	Loading extension 'screenshots@mozilla.org': Reading manifest: Invalid extension permission: mozillaAddons
1556593682189	addons.webextension.screenshots@mozilla.org	WARN	Loading extension 'screenshots@mozilla.org': Reading manifest: Invalid extension permission: resource://pdf.js/
1556593682189	addons.webextension.screenshots@mozilla.org	WARN	Loading extension 'screenshots@mozilla.org': Reading manifest: Invalid extension permission: about:reader*
1556593684453	Marionette	INFO	Listening on port 44183
1556593684526	Marionette	WARN	TLS certificate errors will be ignored for this session
JavaScript error: http://localhost:5000/static/bootstrap.min.js, line 6: Error: Bootstrap's JavaScript requires jQuery
JavaScript error: http://localhost:5000/, line 41: SyntaxError: unterminated regular expression literal
JavaScript error: http://localhost:5000/static/bootstrap.min.js, line 6: Error: Bootstrap's JavaScript requires jQuery

(/usr/lib/firefox/firefox:15982): dconf-WARNING **: 11:08:06.718: Unable to open /var/lib/snapd/desktop/dconf/profile/user: Permission denied
1556593694055	Marionette	INFO	Stopped listening on port 44183
[Parent 15806, Gecko_IOThread] WARNING: pipe error (81): Connection reset by peer: file /build/firefox-6m4fHv/firefox-66.0.3+build1/ipc/chromium/src/chrome/common/ipc_channel_posix.cc, line 357
1556593766066	mozrunner::runner	INFO	Running command: "/usr/bin/firefox" "-marionette" "-foreground" "-no-remote" "-profile" "/tmp/rust_mozprofile.ndnGQnc1pqGf"
1556593766795	addons.webextension.screenshots@mozilla.org	WARN	Loading extension 'screenshots@mozilla.org': Reading manifest: Invalid extension permission: mozillaAddons
1556593766796	addons.webextension.screenshots@mozilla.org	WARN	Loading extension 'screenshots@mozilla.org': Reading manifest: Invalid extension permission: resource://pdf.js/
1556593766796	addons.webextension.screenshots@mozilla.org	WARN	Loading extension 'screenshots@mozilla.org': Reading manifest: Invalid extension permission: about:reader*
1556593768732	Marionette	INFO	Listening on port 43895
1556593768794	Marionette	WARN	TLS certificate errors will be ignored for this session
JavaScript error: http://localhost:5000/static/bootstrap.min.js, line 6: Error: Bootstrap's JavaScript requires jQuery
JavaScript error: http://localhost:5000/, line 41: SyntaxError: unterminated regular expression literal
JavaScript error: http://localhost:5000/static/bootstrap.min.js, line 6: Error: Bootstrap's JavaScript requires jQuery

(/usr/lib/firefox/firefox:16299): dconf-WARNING **: 11:09:30.952: Unable to open /var/lib/snapd/desktop/dconf/profile/user: Permission denied
JavaScript error: http://localhost:5000/static/bootstrap.min.js, line 6: Error: Bootstrap's JavaScript requires jQuery
JavaScript error: http://localhost:5000/index, line 45: SyntaxError: unterminated regular expression literal
1556593773158	Marionette	INFO	Stopped listening on port 43895
[Parent 16132, Gecko_IOThread] WARNING: pipe error (70): Connection reset by peer: file /build/firefox-6m4fHv/firefox-66.0.3+build1/ipc/chromium/src/chrome/common/ipc_channel_posix.cc, line 357
[Parent 16132, Gecko_IOThread] WARNING: pipe error (71): Connection reset by peer: file /build/firefox-6m4fHv/firefox-66.0.3+build1/ipc/chromium/src/chrome/common/ipc_channel_posix.cc, line 357
[Parent 13800, Gecko_IOThread] WARNING: pipe error (79): Connection reset by peer: file /build/firefox-6m4fHv/firefox-66.0.3+build1/ipc/chromium/src/chrome/common/ipc_channel_posix.cc, line 357
[Parent 13800, Gecko_IOThread] WARNING: pipe error (78): Connection reset by peer: file /build/firefox-6m4fHv/firefox-66.0.3+build1/ipc/chromium/src/chrome/common/ipc_channel_posix.cc, line 357
1556594154390	Marionette	INFO	Stopped listening on port 39127
